[INFO][2017-12-11 15:11:11] org.springframework.web.context.ContextLoader.initWebApplicationContext(ContextLoader.java:304) Root WebApplicationContext: initialization started 
[INFO][2017-12-11 15:11:11] org.springframework.context.support.AbstractApplicationContext.prepareRefresh(AbstractApplicationContext.java:583) Refreshing Root WebApplicationContext: startup date [Mon Dec 11 15:11:11 CST 2017]; root of context hierarchy 
[INFO][2017-12-11 15:11:11] org.springframework.beans.factory.xml.XmlBeanDefinitionReader.loadBeanDefinitions(XmlBeanDefinitionReader.java:317) Loading XML bean definitions from class path resource [spring-mvc.xml] 
[INFO][2017-12-11 15:11:11] org.springframework.beans.factory.xml.XmlBeanDefinitionReader.loadBeanDefinitions(XmlBeanDefinitionReader.java:317) Loading XML bean definitions from class path resource [spring-jdbc.xml] 
[INFO][2017-12-11 15:11:11] org.springframework.beans.factory.xml.XmlBeanDefinitionReader.loadBeanDefinitions(XmlBeanDefinitionReader.java:317) Loading XML bean definitions from class path resource [spring-redis.xml] 
[INFO][2017-12-11 15:11:11] org.springframework.beans.factory.xml.XmlBeanDefinitionReader.loadBeanDefinitions(XmlBeanDefinitionReader.java:317) Loading XML bean definitions from class path resource [spring-scheduler.xml] 
[INFO][2017-12-11 15:11:12] org.springframework.context.support.PostProcessorRegistrationDelegate$BeanPostProcessorChecker.postProcessAfterInitialization(PostProcessorRegistrationDelegate.java:327) Bean 'shiroConfig' of type [io.renren.modules.sys.shiro.ShiroConfig$$EnhancerBySpringCGLIB$$249abae7] is not eligible for getting processed by all BeanPostProcessors (for example: not eligible for auto-proxying) 
[INFO][2017-12-11 15:11:12] org.springframework.context.support.PostProcessorRegistrationDelegate$BeanPostProcessorChecker.postProcessAfterInitialization(PostProcessorRegistrationDelegate.java:327) Bean 'druid-stat-pointcut' of type [org.springframework.aop.support.JdkRegexpMethodPointcut] is not eligible for getting processed by all BeanPostProcessors (for example: not eligible for auto-proxying) 
[INFO][2017-12-11 15:11:12] org.springframework.context.support.PostProcessorRegistrationDelegate$BeanPostProcessorChecker.postProcessAfterInitialization(PostProcessorRegistrationDelegate.java:327) Bean 'org.springframework.aop.support.DefaultBeanFactoryPointcutAdvisor#0' of type [org.springframework.aop.support.DefaultBeanFactoryPointcutAdvisor] is not eligible for getting processed by all BeanPostProcessors (for example: not eligible for auto-proxying) 
[INFO][2017-12-11 15:11:12] org.springframework.context.support.PostProcessorRegistrationDelegate$BeanPostProcessorChecker.postProcessAfterInitialization(PostProcessorRegistrationDelegate.java:327) Bean 'stat-filter' of type [com.alibaba.druid.filter.stat.StatFilter] is not eligible for getting processed by all BeanPostProcessors (for example: not eligible for auto-proxying) 
[INFO][2017-12-11 15:11:13] org.springframework.context.support.PostProcessorRegistrationDelegate$BeanPostProcessorChecker.postProcessAfterInitialization(PostProcessorRegistrationDelegate.java:327) Bean 'wall-filter-config' of type [com.alibaba.druid.wall.WallConfig] is not eligible for getting processed by all BeanPostProcessors (for example: not eligible for auto-proxying) 
[INFO][2017-12-11 15:11:13] org.springframework.context.support.PostProcessorRegistrationDelegate$BeanPostProcessorChecker.postProcessAfterInitialization(PostProcessorRegistrationDelegate.java:327) Bean 'wall-filter' of type [com.alibaba.druid.wall.WallFilter] is not eligible for getting processed by all BeanPostProcessors (for example: not eligible for auto-proxying) 
[INFO][2017-12-11 15:11:14] com.alibaba.druid.pool.DruidDataSource.init(DruidDataSource.java:785) {dataSource-1} inited 
[INFO][2017-12-11 15:11:14] org.springframework.context.support.PostProcessorRegistrationDelegate$BeanPostProcessorChecker.postProcessAfterInitialization(PostProcessorRegistrationDelegate.java:327) Bean 'dataSource' of type [com.alibaba.druid.pool.DruidDataSource] is not eligible for getting processed by all BeanPostProcessors (for example: not eligible for auto-proxying) 
[INFO][2017-12-11 15:11:15] org.springframework.context.support.PostProcessorRegistrationDelegate$BeanPostProcessorChecker.postProcessAfterInitialization(PostProcessorRegistrationDelegate.java:327) Bean 'sqlSessionFactory' of type [org.mybatis.spring.SqlSessionFactoryBean] is not eligible for getting processed by all BeanPostProcessors (for example: not eligible for auto-proxying) 
[INFO][2017-12-11 15:11:15] org.springframework.context.support.PostProcessorRegistrationDelegate$BeanPostProcessorChecker.postProcessAfterInitialization(PostProcessorRegistrationDelegate.java:327) Bean 'sqlSessionFactory' of type [org.apache.ibatis.session.defaults.DefaultSqlSessionFactory] is not eligible for getting processed by all BeanPostProcessors (for example: not eligible for auto-proxying) 
[INFO][2017-12-11 15:11:15] org.springframework.context.support.PostProcessorRegistrationDelegate$BeanPostProcessorChecker.postProcessAfterInitialization(PostProcessorRegistrationDelegate.java:327) Bean 'sysUserDao' of type [org.mybatis.spring.mapper.MapperFactoryBean] is not eligible for getting processed by all BeanPostProcessors (for example: not eligible for auto-proxying) 
[INFO][2017-12-11 15:11:15] org.springframework.context.support.PostProcessorRegistrationDelegate$BeanPostProcessorChecker.postProcessAfterInitialization(PostProcessorRegistrationDelegate.java:327) Bean 'sysUserDao' of type [com.sun.proxy.$Proxy30] is not eligible for getting processed by all BeanPostProcessors (for example: not eligible for auto-proxying) 
[INFO][2017-12-11 15:11:15] org.springframework.context.support.PostProcessorRegistrationDelegate$BeanPostProcessorChecker.postProcessAfterInitialization(PostProcessorRegistrationDelegate.java:327) Bean 'sysMenuDao' of type [org.mybatis.spring.mapper.MapperFactoryBean] is not eligible for getting processed by all BeanPostProcessors (for example: not eligible for auto-proxying) 
[INFO][2017-12-11 15:11:15] org.springframework.context.support.PostProcessorRegistrationDelegate$BeanPostProcessorChecker.postProcessAfterInitialization(PostProcessorRegistrationDelegate.java:327) Bean 'sysMenuDao' of type [com.sun.proxy.$Proxy31] is not eligible for getting processed by all BeanPostProcessors (for example: not eligible for auto-proxying) 
[INFO][2017-12-11 15:11:15] org.springframework.context.support.PostProcessorRegistrationDelegate$BeanPostProcessorChecker.postProcessAfterInitialization(PostProcessorRegistrationDelegate.java:327) Bean 'userRealm' of type [io.renren.modules.sys.shiro.UserRealm] is not eligible for getting processed by all BeanPostProcessors (for example: not eligible for auto-proxying) 
[INFO][2017-12-11 15:11:15] org.springframework.context.support.PostProcessorRegistrationDelegate$BeanPostProcessorChecker.postProcessAfterInitialization(PostProcessorRegistrationDelegate.java:327) Bean 'org.springframework.data.redis.serializer.StringRedisSerializer#7de627ca' of type [org.springframework.data.redis.serializer.StringRedisSerializer] is not eligible for getting processed by all BeanPostProcessors (for example: not eligible for auto-proxying) 
[INFO][2017-12-11 15:11:15] org.springframework.context.support.PostProcessorRegistrationDelegate$BeanPostProcessorChecker.postProcessAfterInitialization(PostProcessorRegistrationDelegate.java:327) Bean 'org.springframework.data.redis.serializer.StringRedisSerializer#113e7f59' of type [org.springframework.data.redis.serializer.StringRedisSerializer] is not eligible for getting processed by all BeanPostProcessors (for example: not eligible for auto-proxying) 
[INFO][2017-12-11 15:11:15] org.springframework.context.support.PostProcessorRegistrationDelegate$BeanPostProcessorChecker.postProcessAfterInitialization(PostProcessorRegistrationDelegate.java:327) Bean 'org.springframework.data.redis.serializer.JdkSerializationRedisSerializer#1e1ab4e7' of type [org.springframework.data.redis.serializer.JdkSerializationRedisSerializer] is not eligible for getting processed by all BeanPostProcessors (for example: not eligible for auto-proxying) 
[INFO][2017-12-11 15:11:15] org.springframework.context.support.PostProcessorRegistrationDelegate$BeanPostProcessorChecker.postProcessAfterInitialization(PostProcessorRegistrationDelegate.java:327) Bean 'org.springframework.data.redis.serializer.StringRedisSerializer#6b5ab921' of type [org.springframework.data.redis.serializer.StringRedisSerializer] is not eligible for getting processed by all BeanPostProcessors (for example: not eligible for auto-proxying) 
[INFO][2017-12-11 15:11:15] org.springframework.context.support.PostProcessorRegistrationDelegate$BeanPostProcessorChecker.postProcessAfterInitialization(PostProcessorRegistrationDelegate.java:327) Bean 'poolConfig' of type [redis.clients.jedis.JedisPoolConfig] is not eligible for getting processed by all BeanPostProcessors (for example: not eligible for auto-proxying) 
[INFO][2017-12-11 15:11:15] org.springframework.context.support.PostProcessorRegistrationDelegate$BeanPostProcessorChecker.postProcessAfterInitialization(PostProcessorRegistrationDelegate.java:327) Bean 'redisConnectionFactory' of type [org.springframework.data.redis.connection.jedis.JedisConnectionFactory] is not eligible for getting processed by all BeanPostProcessors (for example: not eligible for auto-proxying) 
[INFO][2017-12-11 15:11:15] org.springframework.context.support.PostProcessorRegistrationDelegate$BeanPostProcessorChecker.postProcessAfterInitialization(PostProcessorRegistrationDelegate.java:327) Bean 'redisTemplate' of type [org.springframework.data.redis.core.RedisTemplate] is not eligible for getting processed by all BeanPostProcessors (for example: not eligible for auto-proxying) 
[INFO][2017-12-11 15:11:15] org.springframework.context.support.PostProcessorRegistrationDelegate$BeanPostProcessorChecker.postProcessAfterInitialization(PostProcessorRegistrationDelegate.java:327) Bean 'redisShiroSessionDAO' of type [io.renren.modules.sys.shiro.RedisShiroSessionDAO] is not eligible for getting processed by all BeanPostProcessors (for example: not eligible for auto-proxying) 
[INFO][2017-12-11 15:11:15] org.springframework.context.support.PostProcessorRegistrationDelegate$BeanPostProcessorChecker.postProcessAfterInitialization(PostProcessorRegistrationDelegate.java:327) Bean 'sessionManager' of type [org.apache.shiro.web.session.mgt.DefaultWebSessionManager] is not eligible for getting processed by all BeanPostProcessors (for example: not eligible for auto-proxying) 
[INFO][2017-12-11 15:11:15] org.springframework.context.support.PostProcessorRegistrationDelegate$BeanPostProcessorChecker.postProcessAfterInitialization(PostProcessorRegistrationDelegate.java:327) Bean 'securityManager' of type [org.apache.shiro.web.mgt.DefaultWebSecurityManager] is not eligible for getting processed by all BeanPostProcessors (for example: not eligible for auto-proxying) 
[INFO][2017-12-11 15:11:15] org.springframework.context.support.PostProcessorRegistrationDelegate$BeanPostProcessorChecker.postProcessAfterInitialization(PostProcessorRegistrationDelegate.java:327) Bean 'authorizationAttributeSourceAdvisor' of type [org.apache.shiro.spring.security.interceptor.AuthorizationAttributeSourceAdvisor] is not eligible for getting processed by all BeanPostProcessors (for example: not eligible for auto-proxying) 
[INFO][2017-12-11 15:11:16] org.quartz.impl.StdSchedulerFactory.instantiate(StdSchedulerFactory.java:1208) Using default implementation for ThreadExecutor 
[INFO][2017-12-11 15:11:16] org.quartz.core.SchedulerSignalerImpl.<init>(SchedulerSignalerImpl.java:61) Initialized Scheduler Signaller of type: class org.quartz.core.SchedulerSignalerImpl 
[INFO][2017-12-11 15:11:16] org.quartz.core.QuartzScheduler.<init>(QuartzScheduler.java:229) Quartz Scheduler v.2.3.0 created. 
[INFO][2017-12-11 15:11:16] org.quartz.impl.jdbcjobstore.JobStoreSupport.initialize(JobStoreSupport.java:672) Using db table-based data access locking (synchronization). 
[INFO][2017-12-11 15:11:16] org.quartz.impl.jdbcjobstore.JobStoreCMT.initialize(JobStoreCMT.java:145) JobStoreCMT initialized. 
[INFO][2017-12-11 15:11:16] org.quartz.core.QuartzScheduler.initialize(QuartzScheduler.java:294) Scheduler meta-data: Quartz Scheduler (v2.3.0) 'RenrenScheduler' with instanceId 'PC-20160712SBFU1512976276383'
  Scheduler class: 'org.quartz.core.QuartzScheduler' - running locally.
  NOT STARTED.
  Currently in standby mode.
  Number of jobs executed: 0
  Using thread pool 'org.quartz.simpl.SimpleThreadPool' - with 20 threads.
  Using job-store 'org.springframework.scheduling.quartz.LocalDataSourceJobStore' - which supports persistence. and is clustered.
 
[INFO][2017-12-11 15:11:16] org.quartz.impl.StdSchedulerFactory.instantiate(StdSchedulerFactory.java:1362) Quartz scheduler 'RenrenScheduler' initialized from an externally provided properties instance. 
[INFO][2017-12-11 15:11:16] org.quartz.impl.StdSchedulerFactory.instantiate(StdSchedulerFactory.java:1366) Quartz scheduler version: 2.3.0 
[INFO][2017-12-11 15:11:16] org.quartz.core.QuartzScheduler.setJobFactory(QuartzScheduler.java:2287) JobFactory set to: org.springframework.scheduling.quartz.AdaptableJobFactory@4b85eaac 
[INFO][2017-12-11 15:11:17] org.springframework.web.servlet.handler.AbstractUrlHandlerMapping.registerHandler(AbstractUrlHandlerMapping.java:362) Mapped URL path [/**] onto handler 'org.springframework.web.servlet.resource.DefaultServletHttpRequestHandler#0' 
[INFO][2017-12-11 15:11:17] org.springframework.web.servlet.handler.AbstractHandlerMethodMapping$MappingRegistry.register(AbstractHandlerMethodMapping.java:543) Mapped "{[/sys/generator/list]}" onto public io.renren.common.utils.R io.renren.modules.gen.controller.SysGeneratorController.list(java.util.Map<java.lang.String, java.lang.Object>) 
[INFO][2017-12-11 15:11:17] org.springframework.web.servlet.handler.AbstractHandlerMethodMapping$MappingRegistry.register(AbstractHandlerMethodMapping.java:543) Mapped "{[/sys/generator/code]}" onto public void io.renren.modules.gen.controller.SysGeneratorController.code(javax.servlet.http.HttpServletRequest,javax.servlet.http.HttpServletResponse) throws java.io.IOException 
[INFO][2017-12-11 15:11:17] org.springframework.web.servlet.handler.AbstractHandlerMethodMapping$MappingRegistry.register(AbstractHandlerMethodMapping.java:543) Mapped "{[/sys/schedule/run]}" onto public io.renren.common.utils.R io.renren.modules.job.controller.ScheduleJobController.run(java.lang.Long[]) 
[INFO][2017-12-11 15:11:17] org.springframework.web.servlet.handler.AbstractHandlerMethodMapping$MappingRegistry.register(AbstractHandlerMethodMapping.java:543) Mapped "{[/sys/schedule/resume]}" onto public io.renren.common.utils.R io.renren.modules.job.controller.ScheduleJobController.resume(java.lang.Long[]) 
[INFO][2017-12-11 15:11:17] org.springframework.web.servlet.handler.AbstractHandlerMethodMapping$MappingRegistry.register(AbstractHandlerMethodMapping.java:543) Mapped "{[/sys/schedule/list]}" onto public io.renren.common.utils.R io.renren.modules.job.controller.ScheduleJobController.list(java.util.Map<java.lang.String, java.lang.Object>) 
[INFO][2017-12-11 15:11:17] org.springframework.web.servlet.handler.AbstractHandlerMethodMapping$MappingRegistry.register(AbstractHandlerMethodMapping.java:543) Mapped "{[/sys/schedule/save]}" onto public io.renren.common.utils.R io.renren.modules.job.controller.ScheduleJobController.save(io.renren.modules.job.entity.ScheduleJobEntity) 
[INFO][2017-12-11 15:11:17] org.springframework.web.servlet.handler.AbstractHandlerMethodMapping$MappingRegistry.register(AbstractHandlerMethodMapping.java:543) Mapped "{[/sys/schedule/delete]}" onto public io.renren.common.utils.R io.renren.modules.job.controller.ScheduleJobController.delete(java.lang.Long[]) 
[INFO][2017-12-11 15:11:17] org.springframework.web.servlet.handler.AbstractHandlerMethodMapping$MappingRegistry.register(AbstractHandlerMethodMapping.java:543) Mapped "{[/sys/schedule/update]}" onto public io.renren.common.utils.R io.renren.modules.job.controller.ScheduleJobController.update(io.renren.modules.job.entity.ScheduleJobEntity) 
[INFO][2017-12-11 15:11:17] org.springframework.web.servlet.handler.AbstractHandlerMethodMapping$MappingRegistry.register(AbstractHandlerMethodMapping.java:543) Mapped "{[/sys/schedule/info/{jobId}]}" onto public io.renren.common.utils.R io.renren.modules.job.controller.ScheduleJobController.info(java.lang.Long) 
[INFO][2017-12-11 15:11:17] org.springframework.web.servlet.handler.AbstractHandlerMethodMapping$MappingRegistry.register(AbstractHandlerMethodMapping.java:543) Mapped "{[/sys/schedule/pause]}" onto public io.renren.common.utils.R io.renren.modules.job.controller.ScheduleJobController.pause(java.lang.Long[]) 
[INFO][2017-12-11 15:11:17] org.springframework.web.servlet.handler.AbstractHandlerMethodMapping$MappingRegistry.register(AbstractHandlerMethodMapping.java:543) Mapped "{[/sys/scheduleLog/list]}" onto public io.renren.common.utils.R io.renren.modules.job.controller.ScheduleJobLogController.list(java.util.Map<java.lang.String, java.lang.Object>) 
[INFO][2017-12-11 15:11:17] org.springframework.web.servlet.handler.AbstractHandlerMethodMapping$MappingRegistry.register(AbstractHandlerMethodMapping.java:543) Mapped "{[/sys/scheduleLog/info/{logId}]}" onto public io.renren.common.utils.R io.renren.modules.job.controller.ScheduleJobLogController.info(java.lang.Long) 
[INFO][2017-12-11 15:11:17] org.springframework.web.servlet.handler.AbstractHandlerMethodMapping$MappingRegistry.register(AbstractHandlerMethodMapping.java:543) Mapped "{[/sys/oss/list]}" onto public io.renren.common.utils.R io.renren.modules.oss.controller.SysOssController.list(java.util.Map<java.lang.String, java.lang.Object>) 
[INFO][2017-12-11 15:11:17] org.springframework.web.servlet.handler.AbstractHandlerMethodMapping$MappingRegistry.register(AbstractHandlerMethodMapping.java:543) Mapped "{[/sys/oss/delete]}" onto public io.renren.common.utils.R io.renren.modules.oss.controller.SysOssController.delete(java.lang.Long[]) 
[INFO][2017-12-11 15:11:17] org.springframework.web.servlet.handler.AbstractHandlerMethodMapping$MappingRegistry.register(AbstractHandlerMethodMapping.java:543) Mapped "{[/sys/oss/config]}" onto public io.renren.common.utils.R io.renren.modules.oss.controller.SysOssController.config() 
[INFO][2017-12-11 15:11:17] org.springframework.web.servlet.handler.AbstractHandlerMethodMapping$MappingRegistry.register(AbstractHandlerMethodMapping.java:543) Mapped "{[/sys/oss/upload]}" onto public io.renren.common.utils.R io.renren.modules.oss.controller.SysOssController.upload(org.springframework.web.multipart.MultipartFile) throws java.lang.Exception 
[INFO][2017-12-11 15:11:17] org.springframework.web.servlet.handler.AbstractHandlerMethodMapping$MappingRegistry.register(AbstractHandlerMethodMapping.java:543) Mapped "{[/sys/oss/saveConfig]}" onto public io.renren.common.utils.R io.renren.modules.oss.controller.SysOssController.saveConfig(io.renren.modules.oss.cloud.CloudStorageConfig) 
[INFO][2017-12-11 15:11:17] org.springframework.web.servlet.handler.AbstractHandlerMethodMapping$MappingRegistry.register(AbstractHandlerMethodMapping.java:543) Mapped "{[/sys/config/list]}" onto public io.renren.common.utils.R io.renren.modules.sys.controller.SysConfigController.list(java.util.Map<java.lang.String, java.lang.Object>) 
[INFO][2017-12-11 15:11:17] org.springframework.web.servlet.handler.AbstractHandlerMethodMapping$MappingRegistry.register(AbstractHandlerMethodMapping.java:543) Mapped "{[/sys/config/save]}" onto public io.renren.common.utils.R io.renren.modules.sys.controller.SysConfigController.save(io.renren.modules.sys.entity.SysConfigEntity) 
[INFO][2017-12-11 15:11:17] org.springframework.web.servlet.handler.AbstractHandlerMethodMapping$MappingRegistry.register(AbstractHandlerMethodMapping.java:543) Mapped "{[/sys/config/delete]}" onto public io.renren.common.utils.R io.renren.modules.sys.controller.SysConfigController.delete(java.lang.Long[]) 
[INFO][2017-12-11 15:11:17] org.springframework.web.servlet.handler.AbstractHandlerMethodMapping$MappingRegistry.register(AbstractHandlerMethodMapping.java:543) Mapped "{[/sys/config/update]}" onto public io.renren.common.utils.R io.renren.modules.sys.controller.SysConfigController.update(io.renren.modules.sys.entity.SysConfigEntity) 
[INFO][2017-12-11 15:11:17] org.springframework.web.servlet.handler.AbstractHandlerMethodMapping$MappingRegistry.register(AbstractHandlerMethodMapping.java:543) Mapped "{[/sys/config/info/{id}]}" onto public io.renren.common.utils.R io.renren.modules.sys.controller.SysConfigController.info(java.lang.Long) 
[INFO][2017-12-11 15:11:17] org.springframework.web.servlet.handler.AbstractHandlerMethodMapping$MappingRegistry.register(AbstractHandlerMethodMapping.java:543) Mapped "{[/sys/dept/list]}" onto public java.util.List<io.renren.modules.sys.entity.SysDeptEntity> io.renren.modules.sys.controller.SysDeptController.list() 
[INFO][2017-12-11 15:11:17] org.springframework.web.servlet.handler.AbstractHandlerMethodMapping$MappingRegistry.register(AbstractHandlerMethodMapping.java:543) Mapped "{[/sys/dept/save]}" onto public io.renren.common.utils.R io.renren.modules.sys.controller.SysDeptController.save(io.renren.modules.sys.entity.SysDeptEntity) 
[INFO][2017-12-11 15:11:17] org.springframework.web.servlet.handler.AbstractHandlerMethodMapping$MappingRegistry.register(AbstractHandlerMethodMapping.java:543) Mapped "{[/sys/dept/delete]}" onto public io.renren.common.utils.R io.renren.modules.sys.controller.SysDeptController.delete(long) 
[INFO][2017-12-11 15:11:17] org.springframework.web.servlet.handler.AbstractHandlerMethodMapping$MappingRegistry.register(AbstractHandlerMethodMapping.java:543) Mapped "{[/sys/dept/update]}" onto public io.renren.common.utils.R io.renren.modules.sys.controller.SysDeptController.update(io.renren.modules.sys.entity.SysDeptEntity) 
[INFO][2017-12-11 15:11:17] org.springframework.web.servlet.handler.AbstractHandlerMethodMapping$MappingRegistry.register(AbstractHandlerMethodMapping.java:543) Mapped "{[/sys/dept/info/{deptId}]}" onto public io.renren.common.utils.R io.renren.modules.sys.controller.SysDeptController.info(java.lang.Long) 
[INFO][2017-12-11 15:11:17] org.springframework.web.servlet.handler.AbstractHandlerMethodMapping$MappingRegistry.register(AbstractHandlerMethodMapping.java:543) Mapped "{[/sys/dept/info]}" onto public io.renren.common.utils.R io.renren.modules.sys.controller.SysDeptController.info() 
[INFO][2017-12-11 15:11:17] org.springframework.web.servlet.handler.AbstractHandlerMethodMapping$MappingRegistry.register(AbstractHandlerMethodMapping.java:543) Mapped "{[/sys/dept/select]}" onto public io.renren.common.utils.R io.renren.modules.sys.controller.SysDeptController.select() 
[INFO][2017-12-11 15:11:17] org.springframework.web.servlet.handler.AbstractHandlerMethodMapping$MappingRegistry.register(AbstractHandlerMethodMapping.java:543) Mapped "{[/sys/log/list]}" onto public io.renren.common.utils.R io.renren.modules.sys.controller.SysLogController.list(java.util.Map<java.lang.String, java.lang.Object>) 
[INFO][2017-12-11 15:11:17] org.springframework.web.servlet.handler.AbstractHandlerMethodMapping$MappingRegistry.register(AbstractHandlerMethodMapping.java:543) Mapped "{[/sys/login],methods=[POST]}" onto public io.renren.common.utils.R io.renren.modules.sys.controller.SysLoginController.login(java.lang.String,java.lang.String,java.lang.String) throws java.io.IOException 
[INFO][2017-12-11 15:11:17] org.springframework.web.servlet.handler.AbstractHandlerMethodMapping$MappingRegistry.register(AbstractHandlerMethodMapping.java:543) Mapped "{[/logout],methods=[GET]}" onto public java.lang.String io.renren.modules.sys.controller.SysLoginController.logout() 
[INFO][2017-12-11 15:11:17] org.springframework.web.servlet.handler.AbstractHandlerMethodMapping$MappingRegistry.register(AbstractHandlerMethodMapping.java:543) Mapped "{[/captcha.jpg]}" onto public void io.renren.modules.sys.controller.SysLoginController.captcha(javax.servlet.http.HttpServletResponse) throws javax.servlet.ServletException,java.io.IOException 
[INFO][2017-12-11 15:11:17] org.springframework.web.servlet.handler.AbstractHandlerMethodMapping$MappingRegistry.register(AbstractHandlerMethodMapping.java:543) Mapped "{[/sys/menu/list]}" onto public java.util.List<io.renren.modules.sys.entity.SysMenuEntity> io.renren.modules.sys.controller.SysMenuController.list() 
[INFO][2017-12-11 15:11:17] org.springframework.web.servlet.handler.AbstractHandlerMethodMapping$MappingRegistry.register(AbstractHandlerMethodMapping.java:543) Mapped "{[/sys/menu/save]}" onto public io.renren.common.utils.R io.renren.modules.sys.controller.SysMenuController.save(io.renren.modules.sys.entity.SysMenuEntity) 
[INFO][2017-12-11 15:11:17] org.springframework.web.servlet.handler.AbstractHandlerMethodMapping$MappingRegistry.register(AbstractHandlerMethodMapping.java:543) Mapped "{[/sys/menu/delete]}" onto public io.renren.common.utils.R io.renren.modules.sys.controller.SysMenuController.delete(long) 
[INFO][2017-12-11 15:11:17] org.springframework.web.servlet.handler.AbstractHandlerMethodMapping$MappingRegistry.register(AbstractHandlerMethodMapping.java:543) Mapped "{[/sys/menu/update]}" onto public io.renren.common.utils.R io.renren.modules.sys.controller.SysMenuController.update(io.renren.modules.sys.entity.SysMenuEntity) 
[INFO][2017-12-11 15:11:17] org.springframework.web.servlet.handler.AbstractHandlerMethodMapping$MappingRegistry.register(AbstractHandlerMethodMapping.java:543) Mapped "{[/sys/menu/info/{menuId}]}" onto public io.renren.common.utils.R io.renren.modules.sys.controller.SysMenuController.info(java.lang.Long) 
[INFO][2017-12-11 15:11:17] org.springframework.web.servlet.handler.AbstractHandlerMethodMapping$MappingRegistry.register(AbstractHandlerMethodMapping.java:543) Mapped "{[/sys/menu/select]}" onto public io.renren.common.utils.R io.renren.modules.sys.controller.SysMenuController.select() 
[INFO][2017-12-11 15:11:17] org.springframework.web.servlet.handler.AbstractHandlerMethodMapping$MappingRegistry.register(AbstractHandlerMethodMapping.java:543) Mapped "{[/sys/menu/nav]}" onto public io.renren.common.utils.R io.renren.modules.sys.controller.SysMenuController.nav() 
[INFO][2017-12-11 15:11:17] org.springframework.web.servlet.handler.AbstractHandlerMethodMapping$MappingRegistry.register(AbstractHandlerMethodMapping.java:543) Mapped "{[/]}" onto public java.lang.String io.renren.modules.sys.controller.SysPageController.index() 
[INFO][2017-12-11 15:11:17] org.springframework.web.servlet.handler.AbstractHandlerMethodMapping$MappingRegistry.register(AbstractHandlerMethodMapping.java:543) Mapped "{[/{url}.html]}" onto public java.lang.String io.renren.modules.sys.controller.SysPageController.url(java.lang.String) 
[INFO][2017-12-11 15:11:17] org.springframework.web.servlet.handler.AbstractHandlerMethodMapping$MappingRegistry.register(AbstractHandlerMethodMapping.java:543) Mapped "{[/modules/{module}/{url}.html]}" onto public java.lang.String io.renren.modules.sys.controller.SysPageController.module(java.lang.String,java.lang.String) 
[INFO][2017-12-11 15:11:17] org.springframework.web.servlet.handler.AbstractHandlerMethodMapping$MappingRegistry.register(AbstractHandlerMethodMapping.java:543) Mapped "{[/sys/role/list]}" onto public io.renren.common.utils.R io.renren.modules.sys.controller.SysRoleController.list(java.util.Map<java.lang.String, java.lang.Object>) 
[INFO][2017-12-11 15:11:17] org.springframework.web.servlet.handler.AbstractHandlerMethodMapping$MappingRegistry.register(AbstractHandlerMethodMapping.java:543) Mapped "{[/sys/role/save]}" onto public io.renren.common.utils.R io.renren.modules.sys.controller.SysRoleController.save(io.renren.modules.sys.entity.SysRoleEntity) 
[INFO][2017-12-11 15:11:17] org.springframework.web.servlet.handler.AbstractHandlerMethodMapping$MappingRegistry.register(AbstractHandlerMethodMapping.java:543) Mapped "{[/sys/role/delete]}" onto public io.renren.common.utils.R io.renren.modules.sys.controller.SysRoleController.delete(java.lang.Long[]) 
[INFO][2017-12-11 15:11:17] org.springframework.web.servlet.handler.AbstractHandlerMethodMapping$MappingRegistry.register(AbstractHandlerMethodMapping.java:543) Mapped "{[/sys/role/update]}" onto public io.renren.common.utils.R io.renren.modules.sys.controller.SysRoleController.update(io.renren.modules.sys.entity.SysRoleEntity) 
[INFO][2017-12-11 15:11:17] org.springframework.web.servlet.handler.AbstractHandlerMethodMapping$MappingRegistry.register(AbstractHandlerMethodMapping.java:543) Mapped "{[/sys/role/info/{roleId}]}" onto public io.renren.common.utils.R io.renren.modules.sys.controller.SysRoleController.info(java.lang.Long) 
[INFO][2017-12-11 15:11:17] org.springframework.web.servlet.handler.AbstractHandlerMethodMapping$MappingRegistry.register(AbstractHandlerMethodMapping.java:543) Mapped "{[/sys/role/select]}" onto public io.renren.common.utils.R io.renren.modules.sys.controller.SysRoleController.select() 
[INFO][2017-12-11 15:11:17] org.springframework.web.servlet.handler.AbstractHandlerMethodMapping$MappingRegistry.register(AbstractHandlerMethodMapping.java:543) Mapped "{[/sys/user/list]}" onto public io.renren.common.utils.R io.renren.modules.sys.controller.SysUserController.list(java.util.Map<java.lang.String, java.lang.Object>) 
[INFO][2017-12-11 15:11:17] org.springframework.web.servlet.handler.AbstractHandlerMethodMapping$MappingRegistry.register(AbstractHandlerMethodMapping.java:543) Mapped "{[/sys/user/save]}" onto public io.renren.common.utils.R io.renren.modules.sys.controller.SysUserController.save(io.renren.modules.sys.entity.SysUserEntity) 
[INFO][2017-12-11 15:11:17] org.springframework.web.servlet.handler.AbstractHandlerMethodMapping$MappingRegistry.register(AbstractHandlerMethodMapping.java:543) Mapped "{[/sys/user/delete]}" onto public io.renren.common.utils.R io.renren.modules.sys.controller.SysUserController.delete(java.lang.Long[]) 
[INFO][2017-12-11 15:11:17] org.springframework.web.servlet.handler.AbstractHandlerMethodMapping$MappingRegistry.register(AbstractHandlerMethodMapping.java:543) Mapped "{[/sys/user/update]}" onto public io.renren.common.utils.R io.renren.modules.sys.controller.SysUserController.update(io.renren.modules.sys.entity.SysUserEntity) 
[INFO][2017-12-11 15:11:17] org.springframework.web.servlet.handler.AbstractHandlerMethodMapping$MappingRegistry.register(AbstractHandlerMethodMapping.java:543) Mapped "{[/sys/user/info/{userId}]}" onto public io.renren.common.utils.R io.renren.modules.sys.controller.SysUserController.info(java.lang.Long) 
[INFO][2017-12-11 15:11:17] org.springframework.web.servlet.handler.AbstractHandlerMethodMapping$MappingRegistry.register(AbstractHandlerMethodMapping.java:543) Mapped "{[/sys/user/info]}" onto public io.renren.common.utils.R io.renren.modules.sys.controller.SysUserController.info() 
[INFO][2017-12-11 15:11:17] org.springframework.web.servlet.handler.AbstractHandlerMethodMapping$MappingRegistry.register(AbstractHandlerMethodMapping.java:543) Mapped "{[/sys/user/password]}" onto public io.renren.common.utils.R io.renren.modules.sys.controller.SysUserController.password(java.lang.String,java.lang.String) 
[INFO][2017-12-11 15:11:18] org.hibernate.validator.internal.util.Version.<clinit>(Version.java:30) HV000001: Hibernate Validator 5.4.1.Final 
[INFO][2017-12-11 15:11:18] org.springframework.web.servlet.mvc.method.annotation.RequestMappingHandlerAdapter.initControllerAdviceCache(RequestMappingHandlerAdapter.java:534) Looking for @ControllerAdvice: Root WebApplicationContext: startup date [Mon Dec 11 15:11:11 CST 2017]; root of context hierarchy 
[INFO][2017-12-11 15:11:18] org.springframework.web.servlet.mvc.method.annotation.RequestMappingHandlerAdapter.initControllerAdviceCache(RequestMappingHandlerAdapter.java:534) Looking for @ControllerAdvice: Root WebApplicationContext: startup date [Mon Dec 11 15:11:11 CST 2017]; root of context hierarchy 
[INFO][2017-12-11 15:11:18] org.springframework.web.servlet.mvc.method.annotation.ExceptionHandlerExceptionResolver.initExceptionHandlerAdviceCache(ExceptionHandlerExceptionResolver.java:273) Detected @ExceptionHandler methods in RRExceptionHandler 
[INFO][2017-12-11 15:11:18] org.springframework.web.servlet.view.freemarker.FreeMarkerConfigurer.postProcessTemplateLoaders(FreeMarkerConfigurer.java:127) ClassTemplateLoader for Spring macros added to FreeMarker configuration 
[INFO][2017-12-11 15:11:18] org.springframework.context.support.DefaultLifecycleProcessor$LifecycleGroup.start(DefaultLifecycleProcessor.java:343) Starting beans in phase 2147483647 
[INFO][2017-12-11 15:11:18] org.springframework.scheduling.quartz.SchedulerFactoryBean.startScheduler(SchedulerFactoryBean.java:650) Will start Quartz Scheduler [RenrenScheduler] in 30 seconds 
[INFO][2017-12-11 15:11:18] org.springframework.web.context.ContextLoader.initWebApplicationContext(ContextLoader.java:344) Root WebApplicationContext: initialization completed in 7592 ms 
[INFO][2017-12-11 15:11:19] org.springframework.web.servlet.FrameworkServlet.initServletBean(FrameworkServlet.java:489) FrameworkServlet 'dispatcher': initialization started 
[INFO][2017-12-11 15:11:19] org.springframework.context.support.AbstractApplicationContext.prepareRefresh(AbstractApplicationContext.java:583) Refreshing WebApplicationContext for namespace 'dispatcher-servlet': startup date [Mon Dec 11 15:11:19 CST 2017]; parent: Root WebApplicationContext 
[INFO][2017-12-11 15:11:19] org.springframework.beans.factory.xml.XmlBeanDefinitionReader.loadBeanDefinitions(XmlBeanDefinitionReader.java:317) Loading XML bean definitions from ServletContext resource [/WEB-INF/dispatcher-servlet.xml] 
[INFO][2017-12-11 15:11:19] org.springframework.web.servlet.FrameworkServlet.initServletBean(FrameworkServlet.java:508) FrameworkServlet 'dispatcher': initialization completed in 19 ms 
[INFO][2017-12-11 15:11:48] org.springframework.scheduling.quartz.SchedulerFactoryBean$1.run(SchedulerFactoryBean.java:665) Starting Quartz Scheduler now, after delay of 30 seconds 
[INFO][2017-12-11 15:11:49] org.quartz.impl.jdbcjobstore.JobStoreSupport.logWarnIfNonZero(JobStoreSupport.java:3629) ClusterManager: detected 1 failed or restarted instances. 
[INFO][2017-12-11 15:11:49] org.quartz.impl.jdbcjobstore.JobStoreSupport.clusterRecover(JobStoreSupport.java:3488) ClusterManager: Scanning for instance "PC-20160712SBFU1508994908851"'s failed in-progress jobs. 
[INFO][2017-12-11 15:11:49] org.quartz.core.QuartzScheduler.start(QuartzScheduler.java:547) Scheduler RenrenScheduler_$_PC-20160712SBFU1512976276383 started. 
[INFO][2017-12-11 15:11:49] org.quartz.impl.jdbcjobstore.JobStoreSupport.recoverMisfiredJobs(JobStoreSupport.java:973) Handling 1 trigger(s) that missed their scheduled fire-time. 
[INFO][2017-12-11 15:12:10] org.apache.shiro.session.mgt.AbstractValidatingSessionManager.enableSessionValidation(AbstractValidatingSessionManager.java:233) Enabling session validation scheduler... 
[INFO][2017-12-11 15:30:00] io.renren.modules.job.utils.ScheduleJob.executeInternal(ScheduleJob.java:53) 任务准备执行，任务ID：1 
[INFO][2017-12-11 15:30:00] io.renren.modules.job.task.TestTask.test(TestTask.java:28) 我是带参数的test方法，正在被执行，参数为：renren 
[INFO][2017-12-11 15:30:01] io.renren.modules.job.utils.ScheduleJob.executeInternal(ScheduleJob.java:66) 任务执行完毕，任务ID：1  总共耗时：1011毫秒 
[INFO][2017-12-11 16:00:00] io.renren.modules.job.utils.ScheduleJob.executeInternal(ScheduleJob.java:53) 任务准备执行，任务ID：1 
[INFO][2017-12-11 16:00:00] io.renren.modules.job.task.TestTask.test(TestTask.java:28) 我是带参数的test方法，正在被执行，参数为：renren 
[INFO][2017-12-11 16:00:01] io.renren.modules.job.utils.ScheduleJob.executeInternal(ScheduleJob.java:66) 任务执行完毕，任务ID：1  总共耗时：1002毫秒 
[INFO][2017-12-11 16:12:10] org.apache.shiro.session.mgt.AbstractValidatingSessionManager.validateSessions(AbstractValidatingSessionManager.java:275) Validating all active sessions... 
[INFO][2017-12-11 16:12:10] org.apache.shiro.session.mgt.AbstractValidatingSessionManager.validateSessions(AbstractValidatingSessionManager.java:308) Finished session validation.  No sessions were stopped. 
[INFO][2017-12-11 16:30:00] io.renren.modules.job.utils.ScheduleJob.executeInternal(ScheduleJob.java:53) 任务准备执行，任务ID：1 
[INFO][2017-12-11 16:30:00] io.renren.modules.job.task.TestTask.test(TestTask.java:28) 我是带参数的test方法，正在被执行，参数为：renren 
[INFO][2017-12-11 16:30:01] io.renren.modules.job.utils.ScheduleJob.executeInternal(ScheduleJob.java:66) 任务执行完毕，任务ID：1  总共耗时：1003毫秒 
[INFO][2017-12-11 17:00:00] io.renren.modules.job.utils.ScheduleJob.executeInternal(ScheduleJob.java:53) 任务准备执行，任务ID：1 
[INFO][2017-12-11 17:00:00] io.renren.modules.job.task.TestTask.test(TestTask.java:28) 我是带参数的test方法，正在被执行，参数为：renren 
[INFO][2017-12-11 17:00:01] io.renren.modules.job.utils.ScheduleJob.executeInternal(ScheduleJob.java:66) 任务执行完毕，任务ID：1  总共耗时：1003毫秒 
